# JRE version: OpenJDK Runtime Environment (8.0_76-b03) (build 1.8.0_76-release-b03)
# Java VM: OpenJDK 64-Bit Server VM (25.76-b03 mixed mode windows-amd64 compressed oops)
Heap:
 PSYoungGen      total 442880K, used 228379K [0x00000000e0000000, 0x0000000100000000, 0x0000000100000000)
  eden space 372736K, 57% used [0x00000000e0000000,0x00000000ed1aaac8,0x00000000f6c00000)
  from space 70144K, 19% used [0x00000000fad80000,0x00000000fbadc308,0x00000000ff200000)
  to   space 67072K, 0% used [0x00000000f6c00000,0x00000000f6c00000,0x00000000fad80000)
 ParOldGen       total 207360K, used 64354K [0x00000000a0000000, 0x00000000aca80000, 0x00000000e0000000)
  object space 207360K, 31% used [0x00000000a0000000,0x00000000a3ed8ae0,0x00000000aca80000)
 Metaspace       used 79245K, capacity 84712K, committed 84992K, reserved 1122304K
  class space    used 10239K, capacity 11177K, committed 11264K, reserved 1048576K
GC Heap History (10 events):
Event: 8545.549 GC heap before
{Heap before GC invocations=32 (full 9):
 PSYoungGen      total 429056K, used 351744K [0x00000000e0000000, 0x00000000ff280000, 0x0000000100000000)
  eden space 351744K, 100% used [0x00000000e0000000,0x00000000f5780000,0x00000000f5780000)
  from space 77312K, 0% used [0x00000000fa700000,0x00000000fa700000,0x00000000ff280000)
  to   space 79360K, 0% used [0x00000000f5780000,0x00000000f5780000,0x00000000fa500000)
 ParOldGen       total 207360K, used 50719K [0x00000000a0000000, 0x00000000aca80000, 0x00000000e0000000)
  object space 207360K, 24% used [0x00000000a0000000,0x00000000a3187ff0,0x00000000aca80000)
 Metaspace       used 75039K, capacity 78238K, committed 80896K, reserved 1120256K
  class space    used 9514K, capacity 10042K, committed 10752K, reserved 1048576K
Event: 8545.922 GC heap after
Heap after GC invocations=32 (full 9):
 PSYoungGen      total 431104K, used 16998K [0x00000000e0000000, 0x00000000ffa00000, 0x0000000100000000)
  eden space 351744K, 0% used [0x00000000e0000000,0x00000000e0000000,0x00000000f5780000)
  from space 79360K, 21% used [0x00000000f5780000,0x00000000f6819a20,0x00000000fa500000)
  to   space 75264K, 0% used [0x00000000fb080000,0x00000000fb080000,0x00000000ffa00000)
 ParOldGen       total 207360K, used 50727K [0x00000000a0000000, 0x00000000aca80000, 0x00000000e0000000)
  object space 207360K, 24% used [0x00000000a0000000,0x00000000a3189ff0,0x00000000aca80000)
 Metaspace       used 75039K, capacity 78238K, committed 80896K, reserved 1120256K
  class space    used 9514K, capacity 10042K, committed 10752K, reserved 1048576K
}
Event: 8557.000 GC heap before
{Heap before GC invocations=33 (full 9):
 PSYoungGen      total 431104K, used 368742K [0x00000000e0000000, 0x00000000ffa00000, 0x0000000100000000)
  eden space 351744K, 100% used [0x00000000e0000000,0x00000000f5780000,0x00000000f5780000)
  from space 79360K, 21% used [0x00000000f5780000,0x00000000f6819a20,0x00000000fa500000)
  to   space 75264K, 0% used [0x00000000fb080000,0x00000000fb080000,0x00000000ffa00000)
 ParOldGen       total 207360K, used 50727K [0x00000000a0000000, 0x00000000aca80000, 0x00000000e0000000)
  object space 207360K, 24% used [0x00000000a0000000,0x00000000a3189ff0,0x00000000aca80000)
 Metaspace       used 76130K, capacity 79864K, committed 81664K, reserved 1120256K
  class space    used 9695K, capacity 10317K, committed 10752K, reserved 1048576K
Event: 8557.043 GC heap after
Heap after GC invocations=33 (full 9):
 PSYoungGen      total 439808K, used 28149K [0x00000000e0000000, 0x00000000ff500000, 0x0000000100000000)
  eden space 369664K, 0% used [0x00000000e0000000,0x00000000e0000000,0x00000000f6900000)
  from space 70144K, 40% used [0x00000000fb080000,0x00000000fcbfd4e8,0x00000000ff500000)
  to   space 71680K, 0% used [0x00000000f6900000,0x00000000f6900000,0x00000000faf00000)
 ParOldGen       total 207360K, used 54659K [0x00000000a0000000, 0x00000000aca80000, 0x00000000e0000000)
  object space 207360K, 26% used [0x00000000a0000000,0x00000000a3560db8,0x00000000aca80000)
 Metaspace       used 76130K, capacity 79864K, committed 81664K, reserved 1120256K
  class space    used 9695K, capacity 10317K, committed 10752K, reserved 1048576K
}
Event: 8770.605 GC heap before
{Heap before GC invocations=34 (full 9):
 PSYoungGen      total 439808K, used 200490K [0x00000000e0000000, 0x00000000ff500000, 0x0000000100000000)
  eden space 369664K, 46% used [0x00000000e0000000,0x00000000ea84d5e0,0x00000000f6900000)
  from space 70144K, 40% used [0x00000000fb080000,0x00000000fcbfd4e8,0x00000000ff500000)
  to   space 71680K, 0% used [0x00000000f6900000,0x00000000f6900000,0x00000000faf00000)
 ParOldGen       total 207360K, used 54659K [0x00000000a0000000, 0x00000000aca80000, 0x00000000e0000000)
  object space 207360K, 26% used [0x00000000a0000000,0x00000000a3560db8,0x00000000aca80000)
 Metaspace       used 77458K, capacity 81616K, committed 82560K, reserved 1120256K
  class space    used 9928K, capacity 10650K, committed 10880K, reserved 1048576K
Event: 8770.711 GC heap after
Heap after GC invocations=34 (full 9):
 PSYoungGen      total 376832K, used 6878K [0x00000000e0000000, 0x00000000ff200000, 0x0000000100000000)
  eden space 369664K, 0% used [0x00000000e0000000,0x00000000e0000000,0x00000000f6900000)
  from space 7168K, 95% used [0x00000000f6900000,0x00000000f6fb7b80,0x00000000f7000000)
  to   space 70144K, 0% used [0x00000000fad80000,0x00000000fad80000,0x00000000ff200000)
 ParOldGen       total 207360K, used 60118K [0x00000000a0000000, 0x00000000aca80000, 0x00000000e0000000)
  object space 207360K, 28% used [0x00000000a0000000,0x00000000a3ab58a8,0x00000000aca80000)
 Metaspace       used 77458K, capacity 81616K, committed 82560K, reserved 1120256K
  class space    used 9928K, capacity 10650K, committed 10880K, reserved 1048576K
}
Event: 8770.711 GC heap before
{Heap before GC invocations=35 (full 10):
 PSYoungGen      total 376832K, used 6878K [0x00000000e0000000, 0x00000000ff200000, 0x0000000100000000)
  eden space 369664K, 0% used [0x00000000e0000000,0x00000000e0000000,0x00000000f6900000)
  from space 7168K, 95% used [0x00000000f6900000,0x00000000f6fb7b80,0x00000000f7000000)
  to   space 70144K, 0% used [0x00000000fad80000,0x00000000fad80000,0x00000000ff200000)
 ParOldGen       total 207360K, used 60118K [0x00000000a0000000, 0x00000000aca80000, 0x00000000e0000000)
  object space 207360K, 28% used [0x00000000a0000000,0x00000000a3ab58a8,0x00000000aca80000)
 Metaspace       used 77458K, capacity 81616K, committed 82560K, reserved 1120256K
  class space    used 9928K, capacity 10650K, committed 10880K, reserved 1048576K
Event: 8771.548 GC heap after
Heap after GC invocations=35 (full 10):
 PSYoungGen      total 376832K, used 0K [0x00000000e0000000, 0x00000000ff200000, 0x0000000100000000)
  eden space 369664K, 0% used [0x00000000e0000000,0x00000000e0000000,0x00000000f6900000)
  from space 7168K, 0% used [0x00000000f6900000,0x00000000f6900000,0x00000000f7000000)
  to   space 70144K, 0% used [0x00000000fad80000,0x00000000fad80000,0x00000000ff200000)
 ParOldGen       total 207360K, used 64346K [0x00000000a0000000, 0x00000000aca80000, 0x00000000e0000000)
  object space 207360K, 31% used [0x00000000a0000000,0x00000000a3ed6ae0,0x00000000aca80000)
 Metaspace       used 77458K, capacity 81616K, committed 82560K, reserved 1120256K
  class space    used 9928K, capacity 10650K, committed 10880K, reserved 1048576K
}
Event: 8788.930 GC heap before
{Heap before GC invocations=36 (full 10):
 PSYoungGen      total 376832K, used 369664K [0x00000000e0000000, 0x00000000ff200000, 0x0000000100000000)
  eden space 369664K, 100% used [0x00000000e0000000,0x00000000f6900000,0x00000000f6900000)
  from space 7168K, 0% used [0x00000000f6900000,0x00000000f6900000,0x00000000f7000000)
  to   space 70144K, 0% used [0x00000000fad80000,0x00000000fad80000,0x00000000ff200000)
 ParOldGen       total 207360K, used 64346K [0x00000000a0000000, 0x00000000aca80000, 0x00000000e0000000)
  object space 207360K, 31% used [0x00000000a0000000,0x00000000a3ed6ae0,0x00000000aca80000)
 Metaspace       used 78938K, capacity 84182K, committed 84352K, reserved 1122304K
  class space    used 10196K, capacity 11106K, committed 11136K, reserved 1048576K
Event: 8788.942 GC heap after
Heap after GC invocations=36 (full 10):
 PSYoungGen      total 442880K, used 13680K [0x00000000e0000000, 0x0000000100000000, 0x0000000100000000)
  eden space 372736K, 0% used [0x00000000e0000000,0x00000000e0000000,0x00000000f6c00000)
  from space 70144K, 19% used [0x00000000fad80000,0x00000000fbadc308,0x00000000ff200000)
  to   space 67072K, 0% used [0x00000000f6c00000,0x00000000f6c00000,0x00000000fad80000)
 ParOldGen       total 207360K, used 64354K [0x00000000a0000000, 0x00000000aca80000, 0x00000000e0000000)
  object space 207360K, 31% used [0x00000000a0000000,0x00000000a3ed8ae0,0x00000000aca80000)
 Metaspace       used 78938K, capacity 84182K, committed 84352K, reserved 1122304K
  class space    used 10196K, capacity 11106K, committed 11136K, reserved 1048576K
}

